{
  "RSpec": {
    "coverage": {
      "/home/revi/software seni/robotic/robotic/role.rb": [
        1,
        1,
        null,
        1,
        1,
        7,
        7,
        null,
        null,
        1,
        7,
        null,
        6,
        6,
        6,
        null,
        6,
        null,
        1,
        null,
        2,
        null,
        1,
        null,
        1,
        null,
        1,
        null,
        0,
        null,
        null,
        null,
        1,
        null,
        1,
        1,
        1,
        1,
        1,
        1,
        1,
        null,
        1,
        1,
        null,
        null,
        0,
        null,
        1,
        null,
        null,
        1,
        2,
        2,
        2,
        2,
        null,
        null,
        2,
        null,
        null,
        null,
        1,
        1,
        1,
        null,
        null,
        null,
        1,
        1,
        1,
        null,
        null,
        null,
        1,
        1,
        1,
        1,
        1,
        null,
        null,
        null,
        null,
        null
      ],
      "/home/revi/software seni/robotic/robotic/robot.rb": [
        1,
        1,
        null,
        1,
        4,
        null,
        null,
        1,
        4,
        null,
        null,
        1,
        18,
        17,
        null,
        null,
        null,
        null,
        null,
        1,
        4,
        null,
        1,
        null,
        1,
        null,
        1,
        null,
        1,
        null,
        0,
        null,
        null,
        null
      ],
      "/home/revi/software seni/robotic/robotic/table.rb": [
        1,
        1,
        null,
        1,
        8,
        null,
        null,
        1,
        3,
        null,
        null,
        1,
        null,
        1,
        8,
        null,
        null
      ],
      "/home/revi/software seni/robotic/spec/role_spec.rb": [
        1,
        1,
        1,
        7,
        7,
        7,
        7,
        7,
        7,
        7,
        null,
        null,
        1,
        1,
        1,
        1,
        null,
        null,
        null,
        null,
        1,
        1,
        6,
        null,
        1,
        1,
        1,
        1,
        null,
        null,
        null,
        1,
        1,
        1,
        1,
        1,
        1,
        1,
        null,
        null,
        null,
        1,
        1,
        1,
        1,
        1,
        1,
        null,
        null,
        null,
        null,
        1,
        1,
        1,
        1,
        1,
        1,
        null,
        null,
        null,
        null,
        1,
        1,
        1,
        1,
        1,
        null,
        null,
        null,
        1,
        1,
        1,
        1,
        null,
        null,
        null,
        null,
        null
      ],
      "/home/revi/software seni/robotic/spec/table_spec.rb": [
        1,
        null,
        1,
        null,
        1,
        10,
        null,
        null,
        1,
        null,
        1,
        1,
        null,
        null,
        1,
        1,
        null,
        null,
        1,
        1,
        null,
        null,
        1,
        1,
        null,
        null,
        1,
        1,
        null,
        null,
        null,
        null,
        1,
        null,
        1,
        1,
        null,
        null,
        1,
        null,
        1,
        1,
        null,
        null,
        1,
        1,
        null,
        null,
        null,
        null,
        1,
        null,
        1,
        1,
        null,
        null,
        1,
        1,
        null,
        null,
        null,
        null,
        null,
        null,
        1,
        null,
        1,
        1,
        null,
        null,
        1,
        null,
        1,
        1,
        null,
        null,
        1,
        1,
        null,
        null,
        null,
        null,
        null,
        null
      ]
    },
    "timestamp": 1431069274
  }
}
